<?xml version="1.0" encoding="UTF-8"?>
<jcr:root xmlns:sling="http://sling.apache.org/jcr/sling/1.0" xmlns:jcr="http://www.jcp.org/jcr/1.0"
    jcr:primaryType="sling:Component"
    jcr:title="Quick Search"
    sling:resourceSuperType="core/wcm/components/search/v1/search"
    componentGroup="My Site - Structure"/>